<?xml version="1.0" encoding="UTF-8"?>
<!-- Generated by org.testng.reporters.JUnitReportReporter -->
<testsuite hostname="DESKTOP-4F8FUIK" failures="0" tests="3" name="com.supermarket_tests.LoginTest" time="10.797" errors="0" timestamp="2022-11-02T07:38:32 IST" skipped="0">
  <testcase classname="com.supermarket_tests.LoginTest" name="validateWithInvalidCredential" time="1.735"/>
  <system-out/>
  <testcase classname="com.supermarket_tests.LoginTest" name="validateWithInvalidCredential" time="2.576"/>
  <system-out/>
  <testcase classname="com.supermarket_tests.LoginTest" name="validateWithValidCredentials" time="6.486"/>
  <system-out/>
</testsuite> <!-- com.supermarket_tests.LoginTest -->
