<?xml version="1.0" encoding="UTF-8"?>
<!-- Generated by org.testng.reporters.JUnitReportReporter -->
<testsuite hostname="DESKTOP-4F8FUIK" failures="0" tests="1" name="com.supermarket_tests.LoginTestCases" time="23.376" errors="0" timestamp="2022-10-16T08:32:25 IST" skipped="0">
  <testcase classname="com.supermarket_tests.LoginTestCases" name="validateWithValidCredentials" time="23.376"/>
  <system-out/>
</testsuite> <!-- com.supermarket_tests.LoginTestCases -->
